# JRE version: OpenJDK Runtime Environment OpenLogic-OpenJDK (17.0.5+8) (build 17.0.5+8-adhoc..jdk17u)
# Java VM: OpenJDK 64-Bit Server VM OpenLogic-OpenJDK (17.0.5+8-adhoc..jdk17u, mixed mode, sharing, tiered, compressed oops, compressed class ptrs, g1 gc, windows-amd64)
GC Precious Log:
 CPUs: 8 total, 8 available
 Memory: 8067M
 Large Page Support: Disabled
 NUMA Support: Disabled
 Compressed Oops: Enabled (32-bit)
 Heap Region Size: 1M
 Heap Min Capacity: 8M
 Heap Initial Capacity: 128M
 Heap Max Capacity: 2G
 Pre-touch: Disabled
 Parallel Workers: 8
 Concurrent Workers: 2
 Concurrent Refinement Workers: 8
 Periodic GC: Disabled
Heap:
 garbage-first heap   total 215040K, used 116545K [0x0000000080000000, 0x0000000100000000)
  region size 1024K, 42 young (43008K), 2 survivors (2048K)
 Metaspace       used 74277K, committed 74944K, reserved 487424K
  class space    used 10109K, committed 10432K, reserved 421888K
GC Heap History (20 events):
Event: 51.190 GC heap before
{Heap before GC invocations=21 (full 0):
 garbage-first heap   total 94208K, used 56058K [0x0000000080000000, 0x0000000100000000)
  region size 1024K, 4 young (4096K), 2 survivors (2048K)
 Metaspace       used 56332K, committed 56960K, reserved 479232K
  class space    used 7835K, committed 8128K, reserved 421888K
}
Event: 51.192 GC heap after
{Heap after GC invocations=22 (full 0):
 garbage-first heap   total 94208K, used 54348K [0x0000000080000000, 0x0000000100000000)
  region size 1024K, 1 young (1024K), 1 survivors (1024K)
 Metaspace       used 56332K, committed 56960K, reserved 479232K
  class space    used 7835K, committed 8128K, reserved 421888K
}
Event: 56.115 GC heap before
{Heap before GC invocations=22 (full 0):
 garbage-first heap   total 94208K, used 76876K [0x0000000080000000, 0x0000000100000000)
  region size 1024K, 23 young (23552K), 1 survivors (1024K)
 Metaspace       used 57848K, committed 58432K, reserved 479232K
  class space    used 8084K, committed 8384K, reserved 421888K
}
Event: 56.119 GC heap after
{Heap after GC invocations=23 (full 0):
 garbage-first heap   total 94208K, used 56028K [0x0000000080000000, 0x0000000100000000)
  region size 1024K, 2 young (2048K), 2 survivors (2048K)
 Metaspace       used 57848K, committed 58432K, reserved 479232K
  class space    used 8084K, committed 8384K, reserved 421888K
}
Event: 59.822 GC heap before
{Heap before GC invocations=24 (full 0):
 garbage-first heap   total 96256K, used 76508K [0x0000000080000000, 0x0000000100000000)
  region size 1024K, 23 young (23552K), 2 survivors (2048K)
 Metaspace       used 59348K, committed 59968K, reserved 479232K
  class space    used 8299K, committed 8576K, reserved 421888K
}
Event: 59.830 GC heap after
{Heap after GC invocations=25 (full 0):
 garbage-first heap   total 96256K, used 58571K [0x0000000080000000, 0x0000000100000000)
  region size 1024K, 3 young (3072K), 3 survivors (3072K)
 Metaspace       used 59348K, committed 59968K, reserved 479232K
  class space    used 8299K, committed 8576K, reserved 421888K
}
Event: 59.877 GC heap before
{Heap before GC invocations=25 (full 0):
 garbage-first heap   total 96256K, used 59595K [0x0000000080000000, 0x0000000100000000)
  region size 1024K, 4 young (4096K), 3 survivors (3072K)
 Metaspace       used 59451K, committed 60096K, reserved 479232K
  class space    used 8317K, committed 8640K, reserved 421888K
}
Event: 59.883 GC heap after
{Heap after GC invocations=26 (full 0):
 garbage-first heap   total 96256K, used 58295K [0x0000000080000000, 0x0000000100000000)
  region size 1024K, 1 young (1024K), 1 survivors (1024K)
 Metaspace       used 59451K, committed 60096K, reserved 479232K
  class space    used 8317K, committed 8640K, reserved 421888K
}
Event: 60.574 GC heap before
{Heap before GC invocations=26 (full 0):
 garbage-first heap   total 96256K, used 77751K [0x0000000080000000, 0x0000000100000000)
  region size 1024K, 21 young (21504K), 1 survivors (1024K)
 Metaspace       used 61200K, committed 61824K, reserved 479232K
  class space    used 8540K, committed 8832K, reserved 421888K
}
Event: 60.579 GC heap after
{Heap after GC invocations=27 (full 0):
 garbage-first heap   total 96256K, used 60271K [0x0000000080000000, 0x0000000100000000)
  region size 1024K, 3 young (3072K), 3 survivors (3072K)
 Metaspace       used 61200K, committed 61824K, reserved 479232K
  class space    used 8540K, committed 8832K, reserved 421888K
}
Event: 61.609 GC heap before
{Heap before GC invocations=28 (full 0):
 garbage-first heap   total 107520K, used 76655K [0x0000000080000000, 0x0000000100000000)
  region size 1024K, 20 young (20480K), 3 survivors (3072K)
 Metaspace       used 62216K, committed 62848K, reserved 479232K
  class space    used 8671K, committed 8960K, reserved 421888K
}
Event: 61.620 GC heap after
{Heap after GC invocations=29 (full 0):
 garbage-first heap   total 107520K, used 62560K [0x0000000080000000, 0x0000000100000000)
  region size 1024K, 3 young (3072K), 3 survivors (3072K)
 Metaspace       used 62216K, committed 62848K, reserved 479232K
  class space    used 8671K, committed 8960K, reserved 421888K
}
Event: 61.767 GC heap before
{Heap before GC invocations=29 (full 0):
 garbage-first heap   total 107520K, used 64608K [0x0000000080000000, 0x0000000100000000)
  region size 1024K, 5 young (5120K), 3 survivors (3072K)
 Metaspace       used 62237K, committed 62848K, reserved 479232K
  class space    used 8671K, committed 8960K, reserved 421888K
}
Event: 61.771 GC heap after
{Heap after GC invocations=30 (full 0):
 garbage-first heap   total 107520K, used 62807K [0x0000000080000000, 0x0000000100000000)
  region size 1024K, 1 young (1024K), 1 survivors (1024K)
 Metaspace       used 62237K, committed 62848K, reserved 479232K
  class space    used 8671K, committed 8960K, reserved 421888K
}
Event: 65.767 GC heap before
{Heap before GC invocations=30 (full 0):
 garbage-first heap   total 107520K, used 88407K [0x0000000080000000, 0x0000000100000000)
  region size 1024K, 25 young (25600K), 1 survivors (1024K)
 Metaspace       used 64159K, committed 64832K, reserved 479232K
  class space    used 8911K, committed 9216K, reserved 421888K
}
Event: 65.771 GC heap after
{Heap after GC invocations=31 (full 0):
 garbage-first heap   total 215040K, used 67769K [0x0000000080000000, 0x0000000100000000)
  region size 1024K, 4 young (4096K), 4 survivors (4096K)
 Metaspace       used 64159K, committed 64832K, reserved 479232K
  class space    used 8911K, committed 9216K, reserved 421888K
}
Event: 82.347 GC heap before
{Heap before GC invocations=32 (full 0):
 garbage-first heap   total 215040K, used 169783K [0x0000000080000000, 0x0000000100000000)
  region size 1024K, 96 young (98304K), 4 survivors (4096K)
 Metaspace       used 73960K, committed 74688K, reserved 487424K
  class space    used 10055K, committed 10432K, reserved 421888K
}
Event: 82.357 GC heap after
{Heap after GC invocations=33 (full 0):
 garbage-first heap   total 215040K, used 76064K [0x0000000080000000, 0x0000000100000000)
  region size 1024K, 12 young (12288K), 12 survivors (12288K)
 Metaspace       used 73960K, committed 74688K, reserved 487424K
  class space    used 10055K, committed 10432K, reserved 421888K
}
Event: 82.405 GC heap before
{Heap before GC invocations=33 (full 0):
 garbage-first heap   total 215040K, used 77088K [0x0000000080000000, 0x0000000100000000)
  region size 1024K, 13 young (13312K), 12 survivors (12288K)
 Metaspace       used 73981K, committed 74688K, reserved 487424K
  class space    used 10059K, committed 10432K, reserved 421888K
}
Event: 82.413 GC heap after
{Heap after GC invocations=34 (full 0):
 garbage-first heap   total 215040K, used 76609K [0x0000000080000000, 0x0000000100000000)
  region size 1024K, 2 young (2048K), 2 survivors (2048K)
 Metaspace       used 73981K, committed 74688K, reserved 487424K
  class space    used 10059K, committed 10432K, reserved 421888K
}

